<?xml version="1.0" encoding="UTF-8"?>
<!-- Generated by org.testng.reporters.JUnitReportReporter -->
<testsuite hostname="DESKTOP-E8DSOA3" failures="0" tests="1" name="test.java.selenium.testng.EtsySearchJava" time="10.772" errors="0" timestamp="2021-02-20T12:30:11 MST" skipped="0">
  <testcase classname="test.java.selenium.testng.EtsySearchJava" name="etsySearch" time="10.772"/>
  <system-out/>
</testsuite> <!-- test.java.selenium.testng.EtsySearchJava -->
